2020-02-29 10:35:02.637 INFO  com.itstyle.cloud.HardwareDriveApplication Line:48  - Starting HardwareDriveApplication on chenchao with PID 11184 (F:\study\intelliJ_IDEA\java_program\graduation_project\hardware_drive\target\classes started by hp in F:\study\intelliJ_IDEA\java_program\graduation_project)
2020-02-29 10:35:02.639 INFO  com.itstyle.cloud.HardwareDriveApplication Line:593 - No active profile set, falling back to default profiles: default
2020-02-29 10:35:03.197 INFO  org.springframework.boot.context.embedded.AnnotationConfigEmbeddedWebApplicationContext Line:583 - Refreshing org.springframework.boot.context.embedded.AnnotationConfigEmbeddedWebApplicationContext@76304b46: startup date [Sat Feb 29 10:35:03 CST 2020]; root of context hierarchy
2020-02-29 10:35:05.731 INFO  org.springframework.context.support.PostProcessorRegistrationDelegate$BeanPostProcessorChecker Line:327 - Bean 'org.springframework.transaction.annotation.ProxyTransactionManagementConfiguration' of type [org.springframework.transaction.annotation.ProxyTransactionManagementConfiguration$$EnhancerBySpringCGLIB$$983f551] is not eligible for getting processed by all BeanPostProcessors (for example: not eligible for auto-proxying)
2020-02-29 10:35:06.412 INFO  org.xnio Line:104 - XNIO version 3.3.8.Final
2020-02-29 10:35:06.435 INFO  org.xnio.nio Line:55  - XNIO NIO Implementation Version 3.3.8.Final
2020-02-29 10:35:06.518 INFO  io.undertow.servlet Line:360 - Initializing Spring embedded WebApplicationContext
2020-02-29 10:35:06.519 INFO  org.springframework.web.context.ContextLoader Line:276 - Root WebApplicationContext: initialization completed in 3322 ms
2020-02-29 10:35:06.755 INFO  org.springframework.boot.web.servlet.ServletRegistrationBean Line:190 - Mapping servlet: 'dispatcherServlet' to [/]
2020-02-29 10:35:06.774 INFO  org.springframework.boot.web.servlet.FilterRegistrationBean Line:258 - Mapping filter: 'characterEncodingFilter' to: [/*]
2020-02-29 10:35:06.776 INFO  org.springframework.boot.web.servlet.FilterRegistrationBean Line:258 - Mapping filter: 'hiddenHttpMethodFilter' to: [/*]
2020-02-29 10:35:06.776 INFO  org.springframework.boot.web.servlet.FilterRegistrationBean Line:258 - Mapping filter: 'httpPutFormContentFilter' to: [/*]
2020-02-29 10:35:06.777 INFO  org.springframework.boot.web.servlet.FilterRegistrationBean Line:258 - Mapping filter: 'requestContextFilter' to: [/*]
2020-02-29 10:35:07.556 INFO  org.springframework.orm.jpa.LocalContainerEntityManagerFactoryBean Line:356 - Building JPA container EntityManagerFactory for persistence unit 'default'
2020-02-29 10:35:07.574 INFO  org.hibernate.jpa.internal.util.LogHelper Line:31  - HHH000204: Processing PersistenceUnitInfo [
	name: default
	...]
2020-02-29 10:35:07.719 INFO  org.hibernate.Version Line:37  - HHH000412: Hibernate Core {5.0.12.Final}
2020-02-29 10:35:07.721 INFO  org.hibernate.cfg.Environment Line:213 - HHH000206: hibernate.properties not found
2020-02-29 10:35:07.723 INFO  org.hibernate.cfg.Environment Line:317 - HHH000021: Bytecode provider name : javassist
2020-02-29 10:35:07.890 INFO  org.hibernate.annotations.common.Version Line:66  - HCANN000001: Hibernate Commons Annotations {5.0.1.Final}
2020-02-29 10:35:08.853 INFO  org.hibernate.dialect.Dialect Line:156 - HHH000400: Using dialect: org.hibernate.dialect.MySQL5Dialect
2020-02-29 10:35:09.618 INFO  org.hibernate.tool.hbm2ddl.SchemaUpdate Line:105 - HHH000228: Running hbm2ddl schema update
2020-02-29 10:35:09.804 INFO  org.springframework.orm.jpa.LocalContainerEntityManagerFactoryBean Line:392 - Initialized JPA EntityManagerFactory for persistence unit 'default'
2020-02-29 10:35:11.728 INFO  org.springframework.web.servlet.mvc.method.annotation.RequestMappingHandlerAdapter Line:534 - Looking for @ControllerAdvice: org.springframework.boot.context.embedded.AnnotationConfigEmbeddedWebApplicationContext@76304b46: startup date [Sat Feb 29 10:35:03 CST 2020]; root of context hierarchy
2020-02-29 10:35:11.853 INFO  org.springframework.web.servlet.mvc.method.annotation.RequestMappingHandlerMapping Line:543 - Mapped "{[/{module}/{sub}/{url}.shtml]}" onto public java.lang.String com.itstyle.cloud.common.config.IndexController.page(java.lang.String,java.lang.String,java.lang.String)
2020-02-29 10:35:11.854 INFO  org.springframework.web.servlet.mvc.method.annotation.RequestMappingHandlerMapping Line:543 - Mapped "{[/{url}.shtml]}" onto public java.lang.String com.itstyle.cloud.common.config.IndexController.page(java.lang.String)
2020-02-29 10:35:11.855 INFO  org.springframework.web.servlet.mvc.method.annotation.RequestMappingHandlerMapping Line:543 - Mapped "{[/{module}/{url}.shtml]}" onto public java.lang.String com.itstyle.cloud.common.config.IndexController.page(java.lang.String,java.lang.String)
2020-02-29 10:35:11.857 INFO  org.springframework.web.servlet.mvc.method.annotation.RequestMappingHandlerMapping Line:543 - Mapped "{[/file/download]}" onto public java.lang.String com.itstyle.cloud.file_fe.controller.FileDownload.downLoad(javax.servlet.http.HttpServletResponse,java.lang.String,java.lang.String) throws java.io.UnsupportedEncodingException
2020-02-29 10:35:11.858 INFO  org.springframework.web.servlet.mvc.method.annotation.RequestMappingHandlerMapping Line:543 - Mapped "{[/file/]}" onto public java.lang.String com.itstyle.cloud.file_fe.controller.FileUpload.file()
2020-02-29 10:35:11.859 INFO  org.springframework.web.servlet.mvc.method.annotation.RequestMappingHandlerMapping Line:543 - Mapped "{[/file/multifileUpload],methods=[POST]}" onto public java.lang.String com.itstyle.cloud.file_fe.controller.FileUpload.multifileUpload(javax.servlet.http.HttpServletRequest)
2020-02-29 10:35:11.859 INFO  org.springframework.web.servlet.mvc.method.annotation.RequestMappingHandlerMapping Line:543 - Mapped "{[/file/fileUpload]}" onto public java.lang.String com.itstyle.cloud.file_fe.controller.FileUpload.fileUpload(org.springframework.web.multipart.MultipartFile)
2020-02-29 10:35:11.860 INFO  org.springframework.web.servlet.mvc.method.annotation.RequestMappingHandlerMapping Line:543 - Mapped "{[/elfinder/connector]}" onto public void com.itstyle.cloud.web.CloudDiskController.connector(javax.servlet.http.HttpServletRequest,javax.servlet.http.HttpServletResponse) throws java.io.IOException
2020-02-29 10:35:11.862 INFO  org.springframework.web.servlet.mvc.method.annotation.RequestMappingHandlerMapping Line:543 - Mapped "{[/file/FileList]}" onto public java.lang.Object com.itstyle.cloud.web.FileListController.getFilePathList(java.lang.String)
2020-02-29 10:35:11.863 INFO  org.springframework.web.servlet.mvc.method.annotation.RequestMappingHandlerMapping Line:543 - Mapped "{[/file/chipList]}" onto public java.lang.Object com.itstyle.cloud.web.FileListController.getChipPathList(java.lang.String)
2020-02-29 10:35:11.863 INFO  org.springframework.web.servlet.mvc.method.annotation.RequestMappingHandlerMapping Line:543 - Mapped "{[/user/login]}" onto private com.itstyle.cloud.common.entity.Result com.itstyle.cloud.web.UserController.login(java.lang.String,java.lang.String)
2020-02-29 10:35:11.865 INFO  org.springframework.web.servlet.mvc.method.annotation.RequestMappingHandlerMapping Line:543 - Mapped "{[/error]}" onto public org.springframework.http.ResponseEntity<java.util.Map<java.lang.String, java.lang.Object>> org.springframework.boot.autoconfigure.web.BasicErrorController.error(javax.servlet.http.HttpServletRequest)
2020-02-29 10:35:11.866 INFO  org.springframework.web.servlet.mvc.method.annotation.RequestMappingHandlerMapping Line:543 - Mapped "{[/error],produces=[text/html]}" onto public org.springframework.web.servlet.ModelAndView org.springframework.boot.autoconfigure.web.BasicErrorController.errorHtml(javax.servlet.http.HttpServletRequest,javax.servlet.http.HttpServletResponse)
2020-02-29 10:35:11.893 INFO  org.springframework.web.servlet.handler.SimpleUrlHandlerMapping Line:349 - Root mapping to handler of type [class org.springframework.web.servlet.mvc.ParameterizableViewController]
2020-02-29 10:35:11.913 INFO  org.springframework.web.servlet.handler.SimpleUrlHandlerMapping Line:362 - Mapped URL path [/webjars/**] onto handler of type [class org.springframework.web.servlet.resource.ResourceHttpRequestHandler]
2020-02-29 10:35:11.914 INFO  org.springframework.web.servlet.handler.SimpleUrlHandlerMapping Line:362 - Mapped URL path [/**] onto handler of type [class org.springframework.web.servlet.resource.ResourceHttpRequestHandler]
2020-02-29 10:35:11.947 INFO  org.springframework.web.servlet.mvc.method.annotation.ExceptionHandlerExceptionResolver Line:273 - Detected @ExceptionHandler methods in RRExceptionHandler
2020-02-29 10:35:11.986 INFO  org.springframework.web.servlet.handler.SimpleUrlHandlerMapping Line:362 - Mapped URL path [/**/favicon.ico] onto handler of type [class org.springframework.web.servlet.resource.ResourceHttpRequestHandler]
2020-02-29 10:35:12.664 INFO  org.springframework.boot.devtools.autoconfigure.OptionalLiveReloadServer Line:58  - LiveReload server is running on port 35729
2020-02-29 10:35:12.825 INFO  org.springframework.jmx.export.annotation.AnnotationMBeanExporter Line:431 - Registering beans for JMX exposure on startup
2020-02-29 10:35:12.995 INFO  org.springframework.boot.context.embedded.undertow.UndertowEmbeddedServletContainer Line:160 - Undertow started on port(s) 8080 (http)
2020-02-29 10:35:13.003 INFO  com.itstyle.cloud.HardwareDriveApplication Line:57  - Started HardwareDriveApplication in 11.658 seconds (JVM running for 17.617)
2020-02-29 10:35:13.003 INFO  com.itstyle.cloud.HardwareDriveApplication Line:36  - 物联网控制驱动资源中心 
2020-02-29 10:35:24.118 INFO  io.undertow.servlet Line:360 - Initializing Spring FrameworkServlet 'dispatcherServlet'
2020-02-29 10:35:24.118 INFO  org.springframework.web.servlet.DispatcherServlet Line:489 - FrameworkServlet 'dispatcherServlet': initialization started
2020-02-29 10:35:24.150 INFO  org.springframework.web.servlet.DispatcherServlet Line:508 - FrameworkServlet 'dispatcherServlet': initialization completed in 31 ms
